Using pre-set license

 COMMAND LINE ARGUMENTS:
/Applications/Unity/Unity.app/Contents/MacOS/Unity
-adb2
-batchMode
-noUpm
-name
AssetImportWorker0
-projectPath
/Users/game3-21/Desktop/Create with Code/Prototype 2
-logFile
Logs/AssetImportWorker0.log
-srvPort
49271
Successfully changed project path to: /Users/game3-21/Desktop/Create with Code/Prototype 2
Could not lock editor preferences. Preferences updates for this instance of Unity will not be saved./Users/game3-21/Desktop/Create with Code/Prototype 2
Using Asset Import Pipeline V2.
Refreshing native plugins compatible for Editor in 76.01 ms, found 1 plugins.
Preloading 0 native plugins for Editor in 0.00 ms.
Initialize engine version: 2021.1.6f1 (c0fade0cc7e9)
[Subsystems] Discovering subsystems at path /Applications/Unity/Unity.app/Contents/Resources/UnitySubsystems
[Subsystems] Discovering subsystems at path /Users/game3-21/Desktop/Create with Code/Prototype 2/Assets
GfxDevice: creating device client; threaded=0; jobified=0
2022-10-28 12:02:50.525 Unity[27601:857816] iMac preferred device: AMD Radeon Pro 5300 (high power)
2022-10-28 12:02:50.525 Unity[27601:857816] Metal devices available: 1
2022-10-28 12:02:50.525 Unity[27601:857816] 0: AMD Radeon Pro 5300 (high power)
2022-10-28 12:02:50.526 Unity[27601:857816] Using device AMD Radeon Pro 5300 (high power)
Initializing Metal device caps: AMD Radeon Pro 5300
Initialize mono
Mono path[0] = '/Applications/Unity/Unity.app/Contents/Managed'
Mono path[1] = '/Applications/Unity/Unity.app/Contents/MonoBleedingEdge/lib/mono/unityjit'
Mono config path = '/Applications/Unity/Unity.app/Contents/MonoBleedingEdge/etc'
Using monoOptions --debugger-agent=transport=dt_socket,embedding=1,server=y,suspend=n,address=127.0.0.1:56601
Begin MonoManager ReloadAssembly
Registering precompiled unity dll's ...
Register platform support module: /Applications/Unity/Unity.app/Contents/PlaybackEngines/MacStandaloneSupport/UnityEditor.OSXStandalone.Extensions.dll
Registered in 0.000488 seconds.
Native extension for OSXStandalone target not found
Refreshing native plugins compatible for Editor in 88.88 ms, found 1 plugins.
Preloading 0 native plugins for Editor in 0.00 ms.
Mono: successfully reloaded assembly
- Completed reload, in  2.376 seconds
Platform modules already initialized, skipping
Registering precompiled user dll's ...
Registered in 0.003908 seconds.
Begin MonoManager ReloadAssembly
Native extension for OSXStandalone target not found
Refreshing native plugins compatible for Editor in 0.44 ms, found 1 plugins.
Preloading 0 native plugins for Editor in 0.00 ms.
Mono: successfully reloaded assembly
- Completed reload, in  1.026 seconds
Platform modules already initialized, skipping
========================================================================
Worker process is ready to serve import requests
Launching external process: /Applications/Unity/Unity.app/Contents/Tools/UnityShaderCompiler
Launched and connected shader compiler UnityShaderCompiler after 0.02 seconds
Refreshing native plugins compatible for Editor in 0.43 ms, found 1 plugins.
Preloading 0 native plugins for Editor in 0.00 ms.
Unloading 2666 Unused Serialized files (Serialized files now loaded: 0)
System memory in use before: 165.6 MB.
System memory in use after: 165.8 MB.

Unloading 15 unused Assets to reduce memory usage. Loaded Objects now: 3119.
Total: 1.780904 ms (FindLiveObjects: 0.203567 ms CreateObjectMapping: 0.098089 ms MarkObjects: 1.417737 ms  DeleteObjects: 0.060835 ms)

========================================================================
Received Import Request.
  path: Assets/Course Library/Scripts/PlayerController.cs
  artifactKey: Guid(b999714ef99ff412e9833a4bf8b43f23) Importer(815301076,1909f56bfc062723c751e8b465ee728b)
Start importing Assets/Course Library/Scripts/PlayerController.cs using Guid(b999714ef99ff412e9833a4bf8b43f23) Importer(815301076,1909f56bfc062723c751e8b465ee728b)  -> (artifact id: '8ab2053baa400653bffd3166a3e0e902') in 0.364530 seconds 
========================================================================
Received Prepare
Registering precompiled user dll's ...
Registered in 0.001561 seconds.
Begin MonoManager ReloadAssembly
Native extension for OSXStandalone target not found
Refreshing native plugins compatible for Editor in 0.54 ms, found 1 plugins.
Preloading 0 native plugins for Editor in 0.00 ms.
Mono: successfully reloaded assembly
- Completed reload, in  1.014 seconds
Platform modules already initialized, skipping
Refreshing native plugins compatible for Editor in 0.44 ms, found 1 plugins.
Preloading 0 native plugins for Editor in 0.00 ms.
Unloading 2661 Unused Serialized files (Serialized files now loaded: 0)
System memory in use before: 170.2 MB.
System memory in use after: 170.4 MB.

Unloading 10 unused Assets to reduce memory usage. Loaded Objects now: 3122.
Total: 1.688866 ms (FindLiveObjects: 0.212934 ms CreateObjectMapping: 0.134060 ms MarkObjects: 1.296917 ms  DeleteObjects: 0.044299 ms)

========================================================================
Received Import Request.
  Time since last request: 228.406864 seconds.
  path: Assets/Course Library/Scripts/MoveForward.cs
  artifactKey: Guid(bc156daf6ee614bffb18edcfc419b469) Importer(815301076,1909f56bfc062723c751e8b465ee728b)
Start importing Assets/Course Library/Scripts/MoveForward.cs using Guid(bc156daf6ee614bffb18edcfc419b469) Importer(815301076,1909f56bfc062723c751e8b465ee728b)  -> (artifact id: '99ca3434b8a78763e54e05b0d2562931') in 0.012365 seconds 
========================================================================
Received Prepare
Registering precompiled user dll's ...
Registered in 0.001629 seconds.
Begin MonoManager ReloadAssembly
Native extension for OSXStandalone target not found
Refreshing native plugins compatible for Editor in 0.44 ms, found 1 plugins.
Preloading 0 native plugins for Editor in 0.00 ms.
Mono: successfully reloaded assembly
- Completed reload, in  0.951 seconds
Platform modules already initialized, skipping
Refreshing native plugins compatible for Editor in 0.46 ms, found 1 plugins.
Preloading 0 native plugins for Editor in 0.00 ms.
Unloading 2662 Unused Serialized files (Serialized files now loaded: 0)
System memory in use before: 170.5 MB.
System memory in use after: 170.7 MB.

Unloading 10 unused Assets to reduce memory usage. Loaded Objects now: 3126.
Total: 1.929612 ms (FindLiveObjects: 0.211290 ms CreateObjectMapping: 0.107453 ms MarkObjects: 1.567730 ms  DeleteObjects: 0.042524 ms)

========================================================================
Received Prepare
Registering precompiled user dll's ...
Registered in 0.001739 seconds.
Begin MonoManager ReloadAssembly
Native extension for OSXStandalone target not found
Refreshing native plugins compatible for Editor in 0.43 ms, found 1 plugins.
Preloading 0 native plugins for Editor in 0.00 ms.
Mono: successfully reloaded assembly
- Completed reload, in  0.944 seconds
Platform modules already initialized, skipping
Refreshing native plugins compatible for Editor in 0.47 ms, found 1 plugins.
Preloading 0 native plugins for Editor in 0.00 ms.
Unloading 2662 Unused Serialized files (Serialized files now loaded: 0)
System memory in use before: 170.7 MB.
System memory in use after: 170.9 MB.

Unloading 10 unused Assets to reduce memory usage. Loaded Objects now: 3129.
Total: 1.645929 ms (FindLiveObjects: 0.182240 ms CreateObjectMapping: 0.082377 ms MarkObjects: 1.344087 ms  DeleteObjects: 0.036561 ms)

========================================================================
Received Import Request.
  Time since last request: 177.576320 seconds.
  path: Assets/Course Library/Materials/Material_Concrete.mat
  artifactKey: Guid(bc90d48240dd64916900ac98e11b3e5f) Importer(815301076,1909f56bfc062723c751e8b465ee728b)
Start importing Assets/Course Library/Materials/Material_Concrete.mat using Guid(bc90d48240dd64916900ac98e11b3e5f) Importer(815301076,1909f56bfc062723c751e8b465ee728b)  -> (artifact id: '2044328cfb0360df28c6058bc34b85eb') in 1.138885 seconds 
========================================================================
Received Import Request.
  Time since last request: 0.000153 seconds.
  path: Assets/Course Library/Materials/Material_Grass.mat
  artifactKey: Guid(42b224efc5a8c4863a87e224a72bb1ea) Importer(815301076,1909f56bfc062723c751e8b465ee728b)
Start importing Assets/Course Library/Materials/Material_Grass.mat using Guid(42b224efc5a8c4863a87e224a72bb1ea) Importer(815301076,1909f56bfc062723c751e8b465ee728b)  -> (artifact id: 'de0648cd71745c8b77c6ad7e9ec01322') in 0.017416 seconds 
========================================================================
Received Import Request.
  Time since last request: 0.000139 seconds.
  path: Assets/Course Library/Materials/Material_Gravel.mat
  artifactKey: Guid(238e68fd68e894d1fa27387d26f026f0) Importer(815301076,1909f56bfc062723c751e8b465ee728b)
Start importing Assets/Course Library/Materials/Material_Gravel.mat using Guid(238e68fd68e894d1fa27387d26f026f0) Importer(815301076,1909f56bfc062723c751e8b465ee728b)  -> (artifact id: 'ff206f21750bf7625c145fcf1ea67989') in 0.029380 seconds 
========================================================================
Received Import Request.
  Time since last request: 0.000355 seconds.
  path: Assets/Course Library/Materials/Material_Sand.mat
  artifactKey: Guid(16176c138e4da4678ad7e9a9dd39429d) Importer(815301076,1909f56bfc062723c751e8b465ee728b)
Start importing Assets/Course Library/Materials/Material_Sand.mat using Guid(16176c138e4da4678ad7e9a9dd39429d) Importer(815301076,1909f56bfc062723c751e8b465ee728b)  -> (artifact id: '7057cedb25e1376fd05bee5192d88cc4') in 0.016261 seconds 
========================================================================
Received Import Request.
  Time since last request: 22.644156 seconds.
  path: Assets/Course Library/Prefabs
  artifactKey: Guid(6338d71be15f141bdbf422ca2b4b07d3) Importer(815301076,1909f56bfc062723c751e8b465ee728b)
Start importing Assets/Course Library/Prefabs using Guid(6338d71be15f141bdbf422ca2b4b07d3) Importer(815301076,1909f56bfc062723c751e8b465ee728b)  -> (artifact id: '4cb93d7ca96dcf5e2b199b34046599cb') in 0.001931 seconds 
========================================================================
Received Import Request.
  Time since last request: 9.843542 seconds.
  path: Assets/Course Library/Scripts/PlayerController.cs
  artifactKey: Guid(b999714ef99ff412e9833a4bf8b43f23) Importer(815301076,1909f56bfc062723c751e8b465ee728b)
Start importing Assets/Course Library/Scripts/PlayerController.cs using Guid(b999714ef99ff412e9833a4bf8b43f23) Importer(815301076,1909f56bfc062723c751e8b465ee728b)  -> (artifact id: '471eeaa932b3fa276928deffcd2c3721') in 0.003199 seconds 
========================================================================
Received Prepare
Registering precompiled user dll's ...
Registered in 0.001844 seconds.
Begin MonoManager ReloadAssembly
Native extension for OSXStandalone target not found
Refreshing native plugins compatible for Editor in 0.65 ms, found 1 plugins.
Preloading 0 native plugins for Editor in 0.00 ms.
Mono: successfully reloaded assembly
- Completed reload, in  0.944 seconds
Platform modules already initialized, skipping
Refreshing native plugins compatible for Editor in 0.43 ms, found 1 plugins.
Preloading 0 native plugins for Editor in 0.00 ms.
Unloading 2662 Unused Serialized files (Serialized files now loaded: 0)
System memory in use before: 179.5 MB.
System memory in use after: 179.7 MB.

Unloading 10 unused Assets to reduce memory usage. Loaded Objects now: 3172.
Total: 1.669062 ms (FindLiveObjects: 0.195070 ms CreateObjectMapping: 0.101147 ms MarkObjects: 1.332649 ms  DeleteObjects: 0.039472 ms)

========================================================================
Received Import Request.
  Time since last request: 251.923756 seconds.
  path: Assets/Course Library/Prefabs/Food_Steak_01.prefab
  artifactKey: Guid(32742deea7d2c4e94bc2346cbe01e604) Importer(815301076,1909f56bfc062723c751e8b465ee728b)
Start importing Assets/Course Library/Prefabs/Food_Steak_01.prefab using Guid(32742deea7d2c4e94bc2346cbe01e604) Importer(815301076,1909f56bfc062723c751e8b465ee728b)  -> (artifact id: 'ae4e0f4f0322f1897dddceb1ea682a59') in 0.333122 seconds 
========================================================================
Received Prepare
Registering precompiled user dll's ...
Registered in 0.003523 seconds.
Begin MonoManager ReloadAssembly
Native extension for OSXStandalone target not found
Refreshing native plugins compatible for Editor in 0.44 ms, found 1 plugins.
Preloading 0 native plugins for Editor in 0.00 ms.
Mono: successfully reloaded assembly
- Completed reload, in  0.968 seconds
Platform modules already initialized, skipping
Refreshing native plugins compatible for Editor in 0.45 ms, found 1 plugins.
Preloading 0 native plugins for Editor in 0.00 ms.
Unloading 2662 Unused Serialized files (Serialized files now loaded: 0)
System memory in use before: 184.0 MB.
System memory in use after: 184.2 MB.

Unloading 10 unused Assets to reduce memory usage. Loaded Objects now: 3176.
Total: 2.149445 ms (FindLiveObjects: 0.293722 ms CreateObjectMapping: 0.169520 ms MarkObjects: 1.646566 ms  DeleteObjects: 0.038757 ms)

========================================================================
Received Prepare
Registering precompiled user dll's ...
Registered in 0.002027 seconds.
Begin MonoManager ReloadAssembly
Native extension for OSXStandalone target not found
Refreshing native plugins compatible for Editor in 0.46 ms, found 1 plugins.
Preloading 0 native plugins for Editor in 0.00 ms.
Mono: successfully reloaded assembly
- Completed reload, in  0.942 seconds
Platform modules already initialized, skipping
Refreshing native plugins compatible for Editor in 0.44 ms, found 1 plugins.
Preloading 0 native plugins for Editor in 0.00 ms.
Unloading 2662 Unused Serialized files (Serialized files now loaded: 0)
System memory in use before: 184.2 MB.
System memory in use after: 184.4 MB.

Unloading 10 unused Assets to reduce memory usage. Loaded Objects now: 3179.
Total: 1.740723 ms (FindLiveObjects: 0.206014 ms CreateObjectMapping: 0.100357 ms MarkObjects: 1.394028 ms  DeleteObjects: 0.039551 ms)

========================================================================
Received Prepare
Registering precompiled user dll's ...
Registered in 0.003892 seconds.
Begin MonoManager ReloadAssembly
Native extension for OSXStandalone target not found
Refreshing native plugins compatible for Editor in 0.45 ms, found 1 plugins.
Preloading 0 native plugins for Editor in 0.00 ms.
Mono: successfully reloaded assembly
- Completed reload, in  0.918 seconds
Platform modules already initialized, skipping
Refreshing native plugins compatible for Editor in 0.43 ms, found 1 plugins.
Preloading 0 native plugins for Editor in 0.00 ms.
Unloading 2662 Unused Serialized files (Serialized files now loaded: 0)
System memory in use before: 184.4 MB.
System memory in use after: 184.6 MB.

Unloading 10 unused Assets to reduce memory usage. Loaded Objects now: 3182.
Total: 2.029384 ms (FindLiveObjects: 0.379542 ms CreateObjectMapping: 0.176060 ms MarkObjects: 1.434534 ms  DeleteObjects: 0.038466 ms)

========================================================================
Received Import Request.
  Time since last request: 529.483601 seconds.
  path: Assets/Course Library/Prefabs/Dog_BullDog_01.prefab
  artifactKey: Guid(fbbeaee7c1c3948e6a6dff2ffe41634e) Importer(815301076,1909f56bfc062723c751e8b465ee728b)
Start importing Assets/Course Library/Prefabs/Dog_BullDog_01.prefab using Guid(fbbeaee7c1c3948e6a6dff2ffe41634e) Importer(815301076,1909f56bfc062723c751e8b465ee728b)  -> (artifact id: '7345e23cff063122ca9fc8e036be15b1') in 0.132379 seconds 
========================================================================
Received Import Request.
  Time since last request: 6.959279 seconds.
  path: Assets/Course Library/Prefabs/Animal_Horse_Black.prefab
  artifactKey: Guid(eee898385c40746ecbdb60b9fa3181cd) Importer(815301076,1909f56bfc062723c751e8b465ee728b)
Start importing Assets/Course Library/Prefabs/Animal_Horse_Black.prefab using Guid(eee898385c40746ecbdb60b9fa3181cd) Importer(815301076,1909f56bfc062723c751e8b465ee728b)  -> (artifact id: '3a9ca759477afdf3967a6bf7d3fb46a0') in 0.026984 seconds 
========================================================================
Received Import Request.
  Time since last request: 8.350490 seconds.
  path: Assets/Course Library/Prefabs/Animal_Moose_01.prefab
  artifactKey: Guid(840ab1726bf4b49e383965d2d9e3f5d9) Importer(815301076,1909f56bfc062723c751e8b465ee728b)
Start importing Assets/Course Library/Prefabs/Animal_Moose_01.prefab using Guid(840ab1726bf4b49e383965d2d9e3f5d9) Importer(815301076,1909f56bfc062723c751e8b465ee728b)  -> (artifact id: 'f905735bc68cf6b7135c3b26d1dc858f') in 0.025220 seconds 
========================================================================
Received Import Request.
  Time since last request: 55.935795 seconds.
  path: Assets/Course Library/Scripts/DestroyOutOfBounds.cs
  artifactKey: Guid(5c2d4a09608d849528acb888dee0a260) Importer(815301076,1909f56bfc062723c751e8b465ee728b)
Start importing Assets/Course Library/Scripts/DestroyOutOfBounds.cs using Guid(5c2d4a09608d849528acb888dee0a260) Importer(815301076,1909f56bfc062723c751e8b465ee728b)  -> (artifact id: '83b60f2c3b1c40370859a49a297fff7e') in 0.003757 seconds 
========================================================================
Received Prepare
Registering precompiled user dll's ...
Registered in 0.001581 seconds.
Begin MonoManager ReloadAssembly
Native extension for OSXStandalone target not found
Refreshing native plugins compatible for Editor in 0.44 ms, found 1 plugins.
Preloading 0 native plugins for Editor in 0.00 ms.
Mono: successfully reloaded assembly
- Completed reload, in  0.936 seconds
Platform modules already initialized, skipping
Refreshing native plugins compatible for Editor in 0.45 ms, found 1 plugins.
Preloading 0 native plugins for Editor in 0.00 ms.
Unloading 2663 Unused Serialized files (Serialized files now loaded: 0)
System memory in use before: 198.7 MB.
System memory in use after: 198.9 MB.

Unloading 10 unused Assets to reduce memory usage. Loaded Objects now: 3188.
Total: 1.797271 ms (FindLiveObjects: 0.215126 ms CreateObjectMapping: 0.107242 ms MarkObjects: 1.434508 ms  DeleteObjects: 0.039672 ms)

========================================================================
Received Prepare
Registering precompiled user dll's ...
Registered in 0.002628 seconds.
Begin MonoManager ReloadAssembly
Native extension for OSXStandalone target not found
Refreshing native plugins compatible for Editor in 0.44 ms, found 1 plugins.
Preloading 0 native plugins for Editor in 0.00 ms.
Mono: successfully reloaded assembly
- Completed reload, in  0.924 seconds
Platform modules already initialized, skipping
Refreshing native plugins compatible for Editor in 0.44 ms, found 1 plugins.
Preloading 0 native plugins for Editor in 0.00 ms.
Unloading 2663 Unused Serialized files (Serialized files now loaded: 0)
System memory in use before: 198.9 MB.
System memory in use after: 199.1 MB.

Unloading 10 unused Assets to reduce memory usage. Loaded Objects now: 3191.
Total: 2.030754 ms (FindLiveObjects: 0.263457 ms CreateObjectMapping: 0.124956 ms MarkObjects: 1.603936 ms  DeleteObjects: 0.037669 ms)

========================================================================
Received Prepare
Registering precompiled user dll's ...
Registered in 0.001847 seconds.
Begin MonoManager ReloadAssembly
Native extension for OSXStandalone target not found
Refreshing native plugins compatible for Editor in 0.86 ms, found 1 plugins.
Preloading 0 native plugins for Editor in 0.00 ms.
Mono: successfully reloaded assembly
- Completed reload, in  0.938 seconds
Platform modules already initialized, skipping
Refreshing native plugins compatible for Editor in 0.45 ms, found 1 plugins.
Preloading 0 native plugins for Editor in 0.00 ms.
Unloading 2663 Unused Serialized files (Serialized files now loaded: 0)
System memory in use before: 199.1 MB.
System memory in use after: 199.3 MB.

Unloading 10 unused Assets to reduce memory usage. Loaded Objects now: 3194.
Total: 1.880541 ms (FindLiveObjects: 0.190564 ms CreateObjectMapping: 0.125080 ms MarkObjects: 1.523109 ms  DeleteObjects: 0.040829 ms)

========================================================================
Received Prepare
Registering precompiled user dll's ...
Registered in 0.004044 seconds.
Begin MonoManager ReloadAssembly
Native extension for OSXStandalone target not found
Refreshing native plugins compatible for Editor in 0.43 ms, found 1 plugins.
Preloading 0 native plugins for Editor in 0.00 ms.
Mono: successfully reloaded assembly
- Completed reload, in  0.955 seconds
Platform modules already initialized, skipping
Refreshing native plugins compatible for Editor in 0.43 ms, found 1 plugins.
Preloading 0 native plugins for Editor in 0.00 ms.
Unloading 2663 Unused Serialized files (Serialized files now loaded: 0)
System memory in use before: 199.3 MB.
System memory in use after: 199.5 MB.

Unloading 10 unused Assets to reduce memory usage. Loaded Objects now: 3197.
Total: 2.195966 ms (FindLiveObjects: 0.208891 ms CreateObjectMapping: 0.092354 ms MarkObjects: 1.796112 ms  DeleteObjects: 0.097897 ms)

